{
  "stats": {
    "suites": 1,
    "tests": 1,
    "passes": 0,
    "pending": 0,
    "failures": 1,
    "start": "2021-08-23T10:01:34.800Z",
    "end": "2021-08-23T10:02:01.487Z",
    "duration": 26687,
    "testsRegistered": 1,
    "passPercent": 0,
    "pendingPercent": 0,
    "other": 0,
    "hasOther": false,
    "skipped": 0,
    "hasSkipped": false
  },
  "results": [
    {
      "uuid": "811a0902-a72d-40f6-9299-efc8bae0309a",
      "title": "",
      "fullFile": "cypress/integration/Google.feature",
      "file": "cypress/integration/Google.feature",
      "beforeHooks": [],
      "afterHooks": [],
      "tests": [],
      "suites": [
        {
          "uuid": "93b93809-bfa0-4434-9c31-73cbb098f3ef",
          "title": "Google Main Page",
          "fullFile": "",
          "file": "",
          "beforeHooks": [],
          "afterHooks": [],
          "tests": [
            {
              "title": "Opening a search engine page",
              "fullTitle": "Google Main Page Opening a search engine page",
              "timedOut": null,
              "duration": 10476,
              "state": "failed",
              "speed": null,
              "pass": false,
              "fail": true,
              "pending": false,
              "context": null,
              "code": "const state = window.testState;\nreturn cy\n  .then(() => state.onStartScenario(scenario, indexedSteps))\n  .then(() =>\n    resolveAndRunBeforeHooks.call(this, scenario.tags, state.feature.name)\n  )\n  .then(() =>\n    indexedSteps.forEach((step) =>\n      stepTest.call(this, state, step, rowData)\n    )\n  )\n  .then(() => state.onFinishScenario(scenario));",
              "err": {
                "message": "AssertionError: Timed out retrying after 4000ms: expected 'Google' to include 'Yahoo'",
                "estack": "AssertionError: Timed out retrying after 4000ms: expected 'Google' to include 'Yahoo'\n    at Context.eval (https://www.google.com/__cypress/tests?p=cypress/integration/Google.feature:44:14)\n    at Context.resolveAndRunStepDefinition (https://www.google.com/__cypress/tests?p=cypress/integration/Google.feature:12296:29)\n    at Context.eval (https://www.google.com/__cypress/tests?p=cypress/integration/Google.feature:11617:35)",
                "diff": null
              },
              "uuid": "8e2ebd5b-6ec8-4a1b-b510-154f753969c9",
              "parentUUID": "93b93809-bfa0-4434-9c31-73cbb098f3ef",
              "isHook": false,
              "skipped": false
            }
          ],
          "suites": [],
          "passes": [],
          "failures": [
            "8e2ebd5b-6ec8-4a1b-b510-154f753969c9"
          ],
          "pending": [],
          "skipped": [],
          "duration": 10476,
          "root": false,
          "rootEmpty": false,
          "_timeout": 2000
        }
      ],
      "passes": [],
      "failures": [],
      "pending": [],
      "skipped": [],
      "duration": 0,
      "root": true,
      "rootEmpty": true,
      "_timeout": 2000
    }
  ],
  "meta": {
    "mocha": {
      "version": "7.0.1"
    },
    "mochawesome": {
      "options": {
        "quiet": true,
        "reportFilename": "mochawesome",
        "saveHtml": false,
        "saveJson": true,
        "consoleReporter": "spec",
        "useInlineDiffs": false,
        "code": true
      },
      "version": "6.2.2"
    },
    "marge": {
      "options": {
        "id": "default",
        "reportDir": "cypress/reports/mocha",
        "quiet": true,
        "overwrite": false,
        "html": false,
        "json": true
      },
      "version": "5.2.0"
    }
  }
}